<?xml version="1.0" encoding="UTF-8"?>
<!-- Generated by org.testng.reporters.JUnitReportReporter -->
<testsuite skipped="0" hostname="DESKTOP-0CMBQJ6" name="com.ebay.qa.testcases.LoginPageTest" tests="3" failures="0" timestamp="2021-09-18T16:14:09 IST" time="36.059" errors="0">
  <testcase name="titleTest" time="10.118" classname="com.ebay.qa.testcases.LoginPageTest"/>
  <system-out/>
  <testcase name="logoTest" time="11.447" classname="com.ebay.qa.testcases.LoginPageTest"/>
  <system-out/>
  <testcase name="loginpageTest" time="14.494" classname="com.ebay.qa.testcases.LoginPageTest"/>
  <system-out/>
</testsuite> <!-- com.ebay.qa.testcases.LoginPageTest -->
